<?xml version="1.0" encoding="UTF-8"?>
<!-- Generated by org.testng.reporters.JUnitReportReporter -->
<testsuite hostname="Anand-Seena" failures="0" tests="1" name="com.amazonPrime.testcases.TC_2" time="0.013" errors="0" timestamp="2023-01-06T13:44:54 IST" skipped="0">
  <testcase classname="com.amazonPrime.testcases.TC_2" name="tc2" time="0.013"/>
  <system-out/>
</testsuite> <!-- com.amazonPrime.testcases.TC_2 -->
